********************************************************************************
DUPLICATOR-LITE PACKAGE-LOG: 16.04.2021 22:05
NOTICE: Do NOT post to public sites or forums 
********************************************************************************
VERSION:	1.4.0
WORDPRESS:	5.7.1
PHP INFO:	7.1.33 | SAPI: apache2handler
SERVER:		Apache 
PHP TIME LIMIT: (0) no time limit imposed 
PHP MAX MEMORY: 4294967296 (1536M default) 
MEMORY STACK: 6MB

********************************************************************************
DATABASE:
********************************************************************************
BUILD MODE:   MYSQLDUMP
MYSQLTIMEOUT: 5000
MYSQLDUMP:    Is Supported
SQL CREATED: 20210416_d0bdd0b5d0b9d180d0bed0b3d180d0b_74dbad04938118421658_20210416220512_database.sql
SQL FILE SIZE: 2.12MB (2221132)
SQL FILE TIME: 2021-04-16 22:05:39
SQL RUNTIME: 3.75 sec.

********************************************************************************
ARCHIVE (ZIP):
********************************************************************************
ARCHIVE DIR:  W:/domains/localhost
ARCHIVE FILE: 20210416_d0bdd0b5d0b9d180d0bed0b3d180d0b_74dbad04938118421658_20210416220512_archive.zip
FILTERS: *OFF*
DIRS:
	not set
FILES:
	not set
EXTS:  not set
----------------------------------------
COMPRESSING
SIZE:	102.97MB
STATS:	Dirs 706 | Files 4,381
SQL ADDED: 20210416_d0bdd0b5d0b9d180d0bed0b3d180d0b_74dbad04938118421658_20210416220512_database.sql
ZipArchive Object
(
    [status] => 0
    [statusSys] => 0
    [numFiles] => 5087
    [filename] => W:\domains\localhost\wp-content\backups-dup-lite\tmp\20210416_d0bdd0b5d0b9d180d0bed0b3d180d0b_74dbad04938118421658_20210416220512_archive.zip
    [comment] => 
)

FILE ADDED TO ZIP: 5086
[PHP ERR][NOTICE] MSG:ob_flush(): failed to flush buffer. No buffer to flush [CODE:8|FILE:W:\domains\localhost\wp-content\plugins\duplicator\classes\utilities\class.u.php|LINE:171]
do_action('wp_ajax_duplicator_package_build'), WP_Hook->do_action, WP_Hook->apply_filters, duplicator_package_build, DUP_Package->runZipBuild, DUP_Archive->build, DUP_Zip::create, DUP_Util::fcgiFlush, ob_flush, DUP_Handler::error, DUP_Handler::getMessage
COMPRESSION RESULT: '1'
COMPRESSED SIZE: 40.05MB
ARCHIVE RUNTIME: 33.67 sec.
MEMORY STACK: 6MB
building installer
add_extra_files1
add_extra_files2
add_extra_files3
add_extra_files4
Doing archive file check
add_extra_files5
add_extra_files6
add_extra_files8
Successfully opened zip W:/domains/localhost/wp-content/backups-dup-lite/tmp/20210416_d0bdd0b5d0b9d180d0bed0b3d180d0b_74dbad04938118421658_20210416220512_archive.zip
Adding enhanced installer files to archive using ZipArchive
Installer files added to archive
Added to archive
After ziparchive close when adding installer

********************************************************************************
INTEGRITY CHECKS:
********************************************************************************
SQL FILE: 2.12MB
INSTALLER FILE: 63.97KB
ARCHIVE FILE: 41.58MB 
EXPECTED FILE/DIRECTORY COUNT: 5,087
ACTUAL FILE/DIRECTORY COUNT: 5,086
ТЕСТ ЛОГИКИ АРХИВА: Пройден

********************************************************************************
RECORD ID:[1]
TOTAL PROCESS RUNTIME: 40.81 sec.
PEAK PHP MEMORY USED: 8MB
DONE PROCESSING => 20210416_d0bdd0b5d0b9d180d0bed0b3d180d0b 16.04.2021 22:06

